<?xml version="1.0" encoding="UTF-8"?>
<!-- Generated by org.testng.reporters.JUnitReportReporter -->
<testsuite skipped="0" hostname="DIAMOND-QA2L" name="package3.dc.DataProviderTest" tests="2" failures="0" timestamp="2022-05-28T00:24:23 IST" time="0.007" errors="0">
  <testcase name="testcase1" time="0.006" classname="package3.dc.DataProviderTest"/>
  <system-out/>
  <testcase name="testcase1" time="0.001" classname="package3.dc.DataProviderTest"/>
  <system-out/>
</testsuite> <!-- package3.dc.DataProviderTest -->
