<?xml version="1.0" encoding="UTF-8"?>
<!-- Generated by org.testng.reporters.JUnitReportReporter -->
<testsuite skipped="0" hostname="DIAMOND-QA2L" name="package3.dc.FbAssignmentDataDriven" tests="3" failures="0" timestamp="2022-05-28T00:18:29 IST" time="0.018" errors="0">
  <testcase name="testcase1" time="0.012" classname="package3.dc.FbAssignmentDataDriven"/>
  <system-out/>
  <testcase name="testcase1" time="0.003" classname="package3.dc.FbAssignmentDataDriven"/>
  <system-out/>
  <testcase name="testcase1" time="0.003" classname="package3.dc.FbAssignmentDataDriven"/>
  <system-out/>
</testsuite> <!-- package3.dc.FbAssignmentDataDriven -->
