<?xml version="1.0" encoding="UTF-8"?>
<!-- Generated by org.testng.reporters.JUnitReportReporter -->
<testsuite skipped="0" hostname="DIAMOND-QA2L" name="package3.TestNGClass2" tests="1" failures="0" timestamp="2022-05-01T00:06:29 IST" time="0.001" errors="0">
  <testcase name="m2" time="0.001" classname="package3.TestNGClass2"/>
  <system-out/>
</testsuite> <!-- package3.TestNGClass2 -->
