<?xml version="1.0" encoding="UTF-8"?>
<!-- Generated by org.testng.reporters.JUnitReportReporter -->
<testsuite skipped="0" hostname="DIAMOND-QA2L" name="package3.dc.FacebookDataProviderAssign" tests="2" failures="0" timestamp="2022-05-28T13:12:02 IST" time="54.546" errors="0">
  <testcase name="testcase1" time="27.686" classname="package3.dc.FacebookDataProviderAssign"/>
  <system-out/>
  <testcase name="testcase1" time="26.860" classname="package3.dc.FacebookDataProviderAssign"/>
  <system-out/>
</testsuite> <!-- package3.dc.FacebookDataProviderAssign -->
