<?xml version="1.0" encoding="UTF-8"?>
<!-- Generated by org.testng.reporters.JUnitReportReporter -->
<testsuite skipped="0" hostname="DIAMOND-QA2L" name="package3.TestNGPractice" tests="2" failures="0" timestamp="2022-05-01T00:00:04 IST" time="0.009" errors="0">
  <testcase name="test2" time="0.003" classname="package3.TestNGPractice"/>
  <system-out/>
  <testcase name="test" time="0.006" classname="package3.TestNGPractice"/>
  <system-out/>
</testsuite> <!-- package3.TestNGPractice -->
